[15-Jul-2017 07:15:49 UTC] PHP Parse error:  syntax error, unexpected '}' in /home/ubuntu/workspace/cms/app/Http/routes.php on line 12
[15-Jul-2017 07:15:49 UTC] PHP Stack trace:
[15-Jul-2017 07:15:49 UTC] PHP   1. {main}() /home/ubuntu/workspace/cms/public/index.php:0
[15-Jul-2017 07:15:49 UTC] PHP   2. Illuminate\Foundation\Http\Kernel->handle() /home/ubuntu/workspace/cms/public/index.php:54
[15-Jul-2017 07:15:49 UTC] PHP   3. Illuminate\Foundation\Http\Kernel->sendRequestThroughRouter() /home/ubuntu/workspace/cms/vendor/laravel/framework/src/Illuminate/Foundation/Http/Kernel.php:99
[15-Jul-2017 07:15:49 UTC] PHP   4. Illuminate\Foundation\Http\Kernel->bootstrap() /home/ubuntu/workspace/cms/vendor/laravel/framework/src/Illuminate/Foundation/Http/Kernel.php:127
[15-Jul-2017 07:15:49 UTC] PHP   5. Illuminate\Foundation\Application->bootstrapWith() /home/ubuntu/workspace/cms/vendor/laravel/framework/src/Illuminate/Foundation/Http/Kernel.php:232
[15-Jul-2017 07:15:49 UTC] PHP   6. Illuminate\Foundation\Bootstrap\BootProviders->bootstrap() /home/ubuntu/workspace/cms/vendor/laravel/framework/src/Illuminate/Foundation/Application.php:203
[15-Jul-2017 07:15:49 UTC] PHP   7. Illuminate\Foundation\Application->boot() /home/ubuntu/workspace/cms/vendor/laravel/framework/src/Illuminate/Foundation/Bootstrap/BootProviders.php:17
[15-Jul-2017 07:15:49 UTC] PHP   8. array_walk() /home/ubuntu/workspace/cms/vendor/laravel/framework/src/Illuminate/Foundation/Application.php:741
[15-Jul-2017 07:15:49 UTC] PHP   9. Illuminate\Foundation\Application->Illuminate\Foundation\{closure}() /home/ubuntu/workspace/cms/vendor/laravel/framework/src/Illuminate/Foundation/Application.php:741
[15-Jul-2017 07:15:49 UTC] PHP  10. Illuminate\Foundation\Application->bootProvider() /home/ubuntu/workspace/cms/vendor/laravel/framework/src/Illuminate/Foundation/Application.php:740
[15-Jul-2017 07:15:49 UTC] PHP  11. Illuminate\Container\Container->call() /home/ubuntu/workspace/cms/vendor/laravel/framework/src/Illuminate/Foundation/Application.php:757
[15-Jul-2017 07:15:49 UTC] PHP  12. call_user_func_array:{/home/ubuntu/workspace/cms/vendor/laravel/framework/src/Illuminate/Container/Container.php:507}() /home/ubuntu/workspace/cms/vendor/laravel/framework/src/Illuminate/Container/Container.php:507
[15-Jul-2017 07:15:49 UTC] PHP  13. App\Providers\RouteServiceProvider->boot() /home/ubuntu/workspace/cms/vendor/laravel/framework/src/Illuminate/Container/Container.php:507
[15-Jul-2017 07:15:49 UTC] PHP  14. Illuminate\Foundation\Support\Providers\RouteServiceProvider->boot() /home/ubuntu/workspace/cms/app/Providers/RouteServiceProvider.php:29
[15-Jul-2017 07:15:49 UTC] PHP  15. Illuminate\Foundation\Support\Providers\RouteServiceProvider->loadRoutes() /home/ubuntu/workspace/cms/vendor/laravel/framework/src/Illuminate/Foundation/Support/Providers/RouteServiceProvider.php:31
[15-Jul-2017 07:15:49 UTC] PHP  16. Illuminate\Container\Container->call() /home/ubuntu/workspace/cms/vendor/laravel/framework/src/Illuminate/Foundation/Support/Providers/RouteServiceProvider.php:72
[15-Jul-2017 07:15:49 UTC] PHP  17. call_user_func_array:{/home/ubuntu/workspace/cms/vendor/laravel/framework/src/Illuminate/Container/Container.php:507}() /home/ubuntu/workspace/cms/vendor/laravel/framework/src/Illuminate/Container/Container.php:507
[15-Jul-2017 07:15:49 UTC] PHP  18. App\Providers\RouteServiceProvider->map() /home/ubuntu/workspace/cms/vendor/laravel/framework/src/Illuminate/Container/Container.php:507
[15-Jul-2017 07:15:49 UTC] PHP  19. App\Providers\RouteServiceProvider->mapWebRoutes() /home/ubuntu/workspace/cms/app/Providers/RouteServiceProvider.php:40
[15-Jul-2017 07:15:49 UTC] PHP  20. Illuminate\Routing\Router->group() /home/ubuntu/workspace/cms/app/Providers/RouteServiceProvider.php:59
[15-Jul-2017 07:15:49 UTC] PHP  21. call_user_func:{/home/ubuntu/workspace/cms/vendor/laravel/framework/src/Illuminate/Routing/Router.php:398}() /home/ubuntu/workspace/cms/vendor/laravel/framework/src/Illuminate/Routing/Router.php:398
[15-Jul-2017 07:15:49 UTC] PHP  22. App\Providers\RouteServiceProvider->App\Providers\{closure}() /home/ubuntu/workspace/cms/vendor/laravel/framework/src/Illuminate/Routing/Router.php:398
[15-Jul-2017 07:16:47 UTC] PHP Parse error:  syntax error, unexpected '}' in /home/ubuntu/workspace/cms/app/Http/routes.php on line 12
[15-Jul-2017 07:16:47 UTC] PHP Stack trace:
[15-Jul-2017 07:16:47 UTC] PHP   1. {main}() /home/ubuntu/workspace/cms/public/index.php:0
[15-Jul-2017 07:16:47 UTC] PHP   2. Illuminate\Foundation\Http\Kernel->handle() /home/ubuntu/workspace/cms/public/index.php:54
[15-Jul-2017 07:16:47 UTC] PHP   3. Illuminate\Foundation\Http\Kernel->sendRequestThroughRouter() /home/ubuntu/workspace/cms/vendor/laravel/framework/src/Illuminate/Foundation/Http/Kernel.php:99
[15-Jul-2017 07:16:47 UTC] PHP   4. Illuminate\Foundation\Http\Kernel->bootstrap() /home/ubuntu/workspace/cms/vendor/laravel/framework/src/Illuminate/Foundation/Http/Kernel.php:127
[15-Jul-2017 07:16:47 UTC] PHP   5. Illuminate\Foundation\Application->bootstrapWith() /home/ubuntu/workspace/cms/vendor/laravel/framework/src/Illuminate/Foundation/Http/Kernel.php:232
[15-Jul-2017 07:16:47 UTC] PHP   6. Illuminate\Foundation\Bootstrap\BootProviders->bootstrap() /home/ubuntu/workspace/cms/vendor/laravel/framework/src/Illuminate/Foundation/Application.php:203
[15-Jul-2017 07:16:47 UTC] PHP   7. Illuminate\Foundation\Application->boot() /home/ubuntu/workspace/cms/vendor/laravel/framework/src/Illuminate/Foundation/Bootstrap/BootProviders.php:17
[15-Jul-2017 07:16:47 UTC] PHP   8. array_walk() /home/ubuntu/workspace/cms/vendor/laravel/framework/src/Illuminate/Foundation/Application.php:741
[15-Jul-2017 07:16:47 UTC] PHP   9. Illuminate\Foundation\Application->Illuminate\Foundation\{closure}() /home/ubuntu/workspace/cms/vendor/laravel/framework/src/Illuminate/Foundation/Application.php:741
[15-Jul-2017 07:16:47 UTC] PHP  10. Illuminate\Foundation\Application->bootProvider() /home/ubuntu/workspace/cms/vendor/laravel/framework/src/Illuminate/Foundation/Application.php:740
[15-Jul-2017 07:16:47 UTC] PHP  11. Illuminate\Container\Container->call() /home/ubuntu/workspace/cms/vendor/laravel/framework/src/Illuminate/Foundation/Application.php:757
[15-Jul-2017 07:16:47 UTC] PHP  12. call_user_func_array:{/home/ubuntu/workspace/cms/vendor/laravel/framework/src/Illuminate/Container/Container.php:507}() /home/ubuntu/workspace/cms/vendor/laravel/framework/src/Illuminate/Container/Container.php:507
[15-Jul-2017 07:16:47 UTC] PHP  13. App\Providers\RouteServiceProvider->boot() /home/ubuntu/workspace/cms/vendor/laravel/framework/src/Illuminate/Container/Container.php:507
[15-Jul-2017 07:16:47 UTC] PHP  14. Illuminate\Foundation\Support\Providers\RouteServiceProvider->boot() /home/ubuntu/workspace/cms/app/Providers/RouteServiceProvider.php:29
[15-Jul-2017 07:16:47 UTC] PHP  15. Illuminate\Foundation\Support\Providers\RouteServiceProvider->loadRoutes() /home/ubuntu/workspace/cms/vendor/laravel/framework/src/Illuminate/Foundation/Support/Providers/RouteServiceProvider.php:31
[15-Jul-2017 07:16:47 UTC] PHP  16. Illuminate\Container\Container->call() /home/ubuntu/workspace/cms/vendor/laravel/framework/src/Illuminate/Foundation/Support/Providers/RouteServiceProvider.php:72
[15-Jul-2017 07:16:47 UTC] PHP  17. call_user_func_array:{/home/ubuntu/workspace/cms/vendor/laravel/framework/src/Illuminate/Container/Container.php:507}() /home/ubuntu/workspace/cms/vendor/laravel/framework/src/Illuminate/Container/Container.php:507
[15-Jul-2017 07:16:47 UTC] PHP  18. App\Providers\RouteServiceProvider->map() /home/ubuntu/workspace/cms/vendor/laravel/framework/src/Illuminate/Container/Container.php:507
[15-Jul-2017 07:16:47 UTC] PHP  19. App\Providers\RouteServiceProvider->mapWebRoutes() /home/ubuntu/workspace/cms/app/Providers/RouteServiceProvider.php:40
[15-Jul-2017 07:16:47 UTC] PHP  20. Illuminate\Routing\Router->group() /home/ubuntu/workspace/cms/app/Providers/RouteServiceProvider.php:59
[15-Jul-2017 07:16:47 UTC] PHP  21. call_user_func:{/home/ubuntu/workspace/cms/vendor/laravel/framework/src/Illuminate/Routing/Router.php:398}() /home/ubuntu/workspace/cms/vendor/laravel/framework/src/Illuminate/Routing/Router.php:398
[15-Jul-2017 07:16:47 UTC] PHP  22. App\Providers\RouteServiceProvider->App\Providers\{closure}() /home/ubuntu/workspace/cms/vendor/laravel/framework/src/Illuminate/Routing/Router.php:398
[15-Jul-2017 07:18:22 UTC] PHP Parse error:  syntax error, unexpected '}' in /home/ubuntu/workspace/cms/app/Http/routes.php on line 11
[15-Jul-2017 07:18:22 UTC] PHP Stack trace:
[15-Jul-2017 07:18:22 UTC] PHP   1. {main}() /home/ubuntu/workspace/cms/public/index.php:0
[15-Jul-2017 07:18:22 UTC] PHP   2. Illuminate\Foundation\Http\Kernel->handle() /home/ubuntu/workspace/cms/public/index.php:54
[15-Jul-2017 07:18:22 UTC] PHP   3. Illuminate\Foundation\Http\Kernel->sendRequestThroughRouter() /home/ubuntu/workspace/cms/vendor/laravel/framework/src/Illuminate/Foundation/Http/Kernel.php:99
[15-Jul-2017 07:18:22 UTC] PHP   4. Illuminate\Foundation\Http\Kernel->bootstrap() /home/ubuntu/workspace/cms/vendor/laravel/framework/src/Illuminate/Foundation/Http/Kernel.php:127
[15-Jul-2017 07:18:22 UTC] PHP   5. Illuminate\Foundation\Application->bootstrapWith() /home/ubuntu/workspace/cms/vendor/laravel/framework/src/Illuminate/Foundation/Http/Kernel.php:232
[15-Jul-2017 07:18:22 UTC] PHP   6. Illuminate\Foundation\Bootstrap\BootProviders->bootstrap() /home/ubuntu/workspace/cms/vendor/laravel/framework/src/Illuminate/Foundation/Application.php:203
[15-Jul-2017 07:18:22 UTC] PHP   7. Illuminate\Foundation\Application->boot() /home/ubuntu/workspace/cms/vendor/laravel/framework/src/Illuminate/Foundation/Bootstrap/BootProviders.php:17
[15-Jul-2017 07:18:22 UTC] PHP   8. array_walk() /home/ubuntu/workspace/cms/vendor/laravel/framework/src/Illuminate/Foundation/Application.php:741
[15-Jul-2017 07:18:22 UTC] PHP   9. Illuminate\Foundation\Application->Illuminate\Foundation\{closure}() /home/ubuntu/workspace/cms/vendor/laravel/framework/src/Illuminate/Foundation/Application.php:741
[15-Jul-2017 07:18:22 UTC] PHP  10. Illuminate\Foundation\Application->bootProvider() /home/ubuntu/workspace/cms/vendor/laravel/framework/src/Illuminate/Foundation/Application.php:740
[15-Jul-2017 07:18:22 UTC] PHP  11. Illuminate\Container\Container->call() /home/ubuntu/workspace/cms/vendor/laravel/framework/src/Illuminate/Foundation/Application.php:757
[15-Jul-2017 07:18:22 UTC] PHP  12. call_user_func_array:{/home/ubuntu/workspace/cms/vendor/laravel/framework/src/Illuminate/Container/Container.php:507}() /home/ubuntu/workspace/cms/vendor/laravel/framework/src/Illuminate/Container/Container.php:507
[15-Jul-2017 07:18:22 UTC] PHP  13. App\Providers\RouteServiceProvider->boot() /home/ubuntu/workspace/cms/vendor/laravel/framework/src/Illuminate/Container/Container.php:507
[15-Jul-2017 07:18:22 UTC] PHP  14. Illuminate\Foundation\Support\Providers\RouteServiceProvider->boot() /home/ubuntu/workspace/cms/app/Providers/RouteServiceProvider.php:29
[15-Jul-2017 07:18:22 UTC] PHP  15. Illuminate\Foundation\Support\Providers\RouteServiceProvider->loadRoutes() /home/ubuntu/workspace/cms/vendor/laravel/framework/src/Illuminate/Foundation/Support/Providers/RouteServiceProvider.php:31
[15-Jul-2017 07:18:22 UTC] PHP  16. Illuminate\Container\Container->call() /home/ubuntu/workspace/cms/vendor/laravel/framework/src/Illuminate/Foundation/Support/Providers/RouteServiceProvider.php:72
[15-Jul-2017 07:18:22 UTC] PHP  17. call_user_func_array:{/home/ubuntu/workspace/cms/vendor/laravel/framework/src/Illuminate/Container/Container.php:507}() /home/ubuntu/workspace/cms/vendor/laravel/framework/src/Illuminate/Container/Container.php:507
[15-Jul-2017 07:18:22 UTC] PHP  18. App\Providers\RouteServiceProvider->map() /home/ubuntu/workspace/cms/vendor/laravel/framework/src/Illuminate/Container/Container.php:507
[15-Jul-2017 07:18:22 UTC] PHP  19. App\Providers\RouteServiceProvider->mapWebRoutes() /home/ubuntu/workspace/cms/app/Providers/RouteServiceProvider.php:40
[15-Jul-2017 07:18:22 UTC] PHP  20. Illuminate\Routing\Router->group() /home/ubuntu/workspace/cms/app/Providers/RouteServiceProvider.php:59
[15-Jul-2017 07:18:22 UTC] PHP  21. call_user_func:{/home/ubuntu/workspace/cms/vendor/laravel/framework/src/Illuminate/Routing/Router.php:398}() /home/ubuntu/workspace/cms/vendor/laravel/framework/src/Illuminate/Routing/Router.php:398
[15-Jul-2017 07:18:22 UTC] PHP  22. App\Providers\RouteServiceProvider->App\Providers\{closure}() /home/ubuntu/workspace/cms/vendor/laravel/framework/src/Illuminate/Routing/Router.php:398
[15-Jul-2017 07:19:03 UTC] PHP Parse error:  syntax error, unexpected '}' in /home/ubuntu/workspace/cms/app/Http/routes.php on line 11
[15-Jul-2017 07:19:03 UTC] PHP Stack trace:
[15-Jul-2017 07:19:03 UTC] PHP   1. {main}() /home/ubuntu/workspace/cms/public/index.php:0
[15-Jul-2017 07:19:03 UTC] PHP   2. Illuminate\Foundation\Http\Kernel->handle() /home/ubuntu/workspace/cms/public/index.php:54
[15-Jul-2017 07:19:03 UTC] PHP   3. Illuminate\Foundation\Http\Kernel->sendRequestThroughRouter() /home/ubuntu/workspace/cms/vendor/laravel/framework/src/Illuminate/Foundation/Http/Kernel.php:99
[15-Jul-2017 07:19:03 UTC] PHP   4. Illuminate\Foundation\Http\Kernel->bootstrap() /home/ubuntu/workspace/cms/vendor/laravel/framework/src/Illuminate/Foundation/Http/Kernel.php:127
[15-Jul-2017 07:19:03 UTC] PHP   5. Illuminate\Foundation\Application->bootstrapWith() /home/ubuntu/workspace/cms/vendor/laravel/framework/src/Illuminate/Foundation/Http/Kernel.php:232
[15-Jul-2017 07:19:03 UTC] PHP   6. Illuminate\Foundation\Bootstrap\BootProviders->bootstrap() /home/ubuntu/workspace/cms/vendor/laravel/framework/src/Illuminate/Foundation/Application.php:203
[15-Jul-2017 07:19:03 UTC] PHP   7. Illuminate\Foundation\Application->boot() /home/ubuntu/workspace/cms/vendor/laravel/framework/src/Illuminate/Foundation/Bootstrap/BootProviders.php:17
[15-Jul-2017 07:19:03 UTC] PHP   8. array_walk() /home/ubuntu/workspace/cms/vendor/laravel/framework/src/Illuminate/Foundation/Application.php:741
[15-Jul-2017 07:19:03 UTC] PHP   9. Illuminate\Foundation\Application->Illuminate\Foundation\{closure}() /home/ubuntu/workspace/cms/vendor/laravel/framework/src/Illuminate/Foundation/Application.php:741
[15-Jul-2017 07:19:03 UTC] PHP  10. Illuminate\Foundation\Application->bootProvider() /home/ubuntu/workspace/cms/vendor/laravel/framework/src/Illuminate/Foundation/Application.php:740
[15-Jul-2017 07:19:03 UTC] PHP  11. Illuminate\Container\Container->call() /home/ubuntu/workspace/cms/vendor/laravel/framework/src/Illuminate/Foundation/Application.php:757
[15-Jul-2017 07:19:03 UTC] PHP  12. call_user_func_array:{/home/ubuntu/workspace/cms/vendor/laravel/framework/src/Illuminate/Container/Container.php:507}() /home/ubuntu/workspace/cms/vendor/laravel/framework/src/Illuminate/Container/Container.php:507
[15-Jul-2017 07:19:03 UTC] PHP  13. App\Providers\RouteServiceProvider->boot() /home/ubuntu/workspace/cms/vendor/laravel/framework/src/Illuminate/Container/Container.php:507
[15-Jul-2017 07:19:03 UTC] PHP  14. Illuminate\Foundation\Support\Providers\RouteServiceProvider->boot() /home/ubuntu/workspace/cms/app/Providers/RouteServiceProvider.php:29
[15-Jul-2017 07:19:03 UTC] PHP  15. Illuminate\Foundation\Support\Providers\RouteServiceProvider->loadRoutes() /home/ubuntu/workspace/cms/vendor/laravel/framework/src/Illuminate/Foundation/Support/Providers/RouteServiceProvider.php:31
[15-Jul-2017 07:19:03 UTC] PHP  16. Illuminate\Container\Container->call() /home/ubuntu/workspace/cms/vendor/laravel/framework/src/Illuminate/Foundation/Support/Providers/RouteServiceProvider.php:72
[15-Jul-2017 07:19:03 UTC] PHP  17. call_user_func_array:{/home/ubuntu/workspace/cms/vendor/laravel/framework/src/Illuminate/Container/Container.php:507}() /home/ubuntu/workspace/cms/vendor/laravel/framework/src/Illuminate/Container/Container.php:507
[15-Jul-2017 07:19:03 UTC] PHP  18. App\Providers\RouteServiceProvider->map() /home/ubuntu/workspace/cms/vendor/laravel/framework/src/Illuminate/Container/Container.php:507
[15-Jul-2017 07:19:03 UTC] PHP  19. App\Providers\RouteServiceProvider->mapWebRoutes() /home/ubuntu/workspace/cms/app/Providers/RouteServiceProvider.php:40
[15-Jul-2017 07:19:03 UTC] PHP  20. Illuminate\Routing\Router->group() /home/ubuntu/workspace/cms/app/Providers/RouteServiceProvider.php:59
[15-Jul-2017 07:19:03 UTC] PHP  21. call_user_func:{/home/ubuntu/workspace/cms/vendor/laravel/framework/src/Illuminate/Routing/Router.php:398}() /home/ubuntu/workspace/cms/vendor/laravel/framework/src/Illuminate/Routing/Router.php:398
[15-Jul-2017 07:19:03 UTC] PHP  22. App\Providers\RouteServiceProvider->App\Providers\{closure}() /home/ubuntu/workspace/cms/vendor/laravel/framework/src/Illuminate/Routing/Router.php:398
[22-Jul-2017 03:32:36 UTC] PHP Parse error:  syntax error, unexpected end of file in /home/ubuntu/workspace/cms/app/Http/routes.php on line 92
[22-Jul-2017 03:32:36 UTC] PHP Stack trace:
[22-Jul-2017 03:32:36 UTC] PHP   1. {main}() /home/ubuntu/workspace/cms/public/index.php:0
[22-Jul-2017 03:32:36 UTC] PHP   2. Illuminate\Foundation\Http\Kernel->handle() /home/ubuntu/workspace/cms/public/index.php:54
[22-Jul-2017 03:32:36 UTC] PHP   3. Illuminate\Foundation\Http\Kernel->sendRequestThroughRouter() /home/ubuntu/workspace/cms/vendor/laravel/framework/src/Illuminate/Foundation/Http/Kernel.php:99
[22-Jul-2017 03:32:36 UTC] PHP   4. Illuminate\Foundation\Http\Kernel->bootstrap() /home/ubuntu/workspace/cms/vendor/laravel/framework/src/Illuminate/Foundation/Http/Kernel.php:127
[22-Jul-2017 03:32:36 UTC] PHP   5. Illuminate\Foundation\Application->bootstrapWith() /home/ubuntu/workspace/cms/vendor/laravel/framework/src/Illuminate/Foundation/Http/Kernel.php:232
[22-Jul-2017 03:32:36 UTC] PHP   6. Illuminate\Foundation\Bootstrap\BootProviders->bootstrap() /home/ubuntu/workspace/cms/vendor/laravel/framework/src/Illuminate/Foundation/Application.php:203
[22-Jul-2017 03:32:36 UTC] PHP   7. Illuminate\Foundation\Application->boot() /home/ubuntu/workspace/cms/vendor/laravel/framework/src/Illuminate/Foundation/Bootstrap/BootProviders.php:17
[22-Jul-2017 03:32:36 UTC] PHP   8. array_walk() /home/ubuntu/workspace/cms/vendor/laravel/framework/src/Illuminate/Foundation/Application.php:741
[22-Jul-2017 03:32:36 UTC] PHP   9. Illuminate\Foundation\Application->Illuminate\Foundation\{closure}() /home/ubuntu/workspace/cms/vendor/laravel/framework/src/Illuminate/Foundation/Application.php:741
[22-Jul-2017 03:32:36 UTC] PHP  10. Illuminate\Foundation\Application->bootProvider() /home/ubuntu/workspace/cms/vendor/laravel/framework/src/Illuminate/Foundation/Application.php:740
[22-Jul-2017 03:32:36 UTC] PHP  11. Illuminate\Container\Container->call() /home/ubuntu/workspace/cms/vendor/laravel/framework/src/Illuminate/Foundation/Application.php:757
[22-Jul-2017 03:32:36 UTC] PHP  12. call_user_func_array:{/home/ubuntu/workspace/cms/vendor/laravel/framework/src/Illuminate/Container/Container.php:507}() /home/ubuntu/workspace/cms/vendor/laravel/framework/src/Illuminate/Container/Container.php:507
[22-Jul-2017 03:32:36 UTC] PHP  13. App\Providers\RouteServiceProvider->boot() /home/ubuntu/workspace/cms/vendor/laravel/framework/src/Illuminate/Container/Container.php:507
[22-Jul-2017 03:32:36 UTC] PHP  14. Illuminate\Foundation\Support\Providers\RouteServiceProvider->boot() /home/ubuntu/workspace/cms/app/Providers/RouteServiceProvider.php:29
[22-Jul-2017 03:32:36 UTC] PHP  15. Illuminate\Foundation\Support\Providers\RouteServiceProvider->loadRoutes() /home/ubuntu/workspace/cms/vendor/laravel/framework/src/Illuminate/Foundation/Support/Providers/RouteServiceProvider.php:31
[22-Jul-2017 03:32:36 UTC] PHP  16. Illuminate\Container\Container->call() /home/ubuntu/workspace/cms/vendor/laravel/framework/src/Illuminate/Foundation/Support/Providers/RouteServiceProvider.php:72
[22-Jul-2017 03:32:36 UTC] PHP  17. call_user_func_array:{/home/ubuntu/workspace/cms/vendor/laravel/framework/src/Illuminate/Container/Container.php:507}() /home/ubuntu/workspace/cms/vendor/laravel/framework/src/Illuminate/Container/Container.php:507
[22-Jul-2017 03:32:36 UTC] PHP  18. App\Providers\RouteServiceProvider->map() /home/ubuntu/workspace/cms/vendor/laravel/framework/src/Illuminate/Container/Container.php:507
[22-Jul-2017 03:32:36 UTC] PHP  19. App\Providers\RouteServiceProvider->mapWebRoutes() /home/ubuntu/workspace/cms/app/Providers/RouteServiceProvider.php:40
[22-Jul-2017 03:32:36 UTC] PHP  20. Illuminate\Routing\Router->group() /home/ubuntu/workspace/cms/app/Providers/RouteServiceProvider.php:59
[22-Jul-2017 03:32:36 UTC] PHP  21. call_user_func:{/home/ubuntu/workspace/cms/vendor/laravel/framework/src/Illuminate/Routing/Router.php:398}() /home/ubuntu/workspace/cms/vendor/laravel/framework/src/Illuminate/Routing/Router.php:398
[22-Jul-2017 03:32:36 UTC] PHP  22. App\Providers\RouteServiceProvider->App\Providers\{closure}() /home/ubuntu/workspace/cms/vendor/laravel/framework/src/Illuminate/Routing/Router.php:398
[22-Jul-2017 07:41:38 UTC] PHP Parse error:  syntax error, unexpected '=', expecting ']' in /home/ubuntu/workspace/cms/app/Http/routes.php on line 21
[22-Jul-2017 07:41:38 UTC] PHP Stack trace:
[22-Jul-2017 07:41:38 UTC] PHP   1. {main}() /home/ubuntu/workspace/cms/public/index.php:0
[22-Jul-2017 07:41:38 UTC] PHP   2. Illuminate\Foundation\Http\Kernel->handle() /home/ubuntu/workspace/cms/public/index.php:54
[22-Jul-2017 07:41:38 UTC] PHP   3. Illuminate\Foundation\Http\Kernel->sendRequestThroughRouter() /home/ubuntu/workspace/cms/vendor/laravel/framework/src/Illuminate/Foundation/Http/Kernel.php:99
[22-Jul-2017 07:41:38 UTC] PHP   4. Illuminate\Foundation\Http\Kernel->bootstrap() /home/ubuntu/workspace/cms/vendor/laravel/framework/src/Illuminate/Foundation/Http/Kernel.php:127
[22-Jul-2017 07:41:38 UTC] PHP   5. Illuminate\Foundation\Application->bootstrapWith() /home/ubuntu/workspace/cms/vendor/laravel/framework/src/Illuminate/Foundation/Http/Kernel.php:232
[22-Jul-2017 07:41:38 UTC] PHP   6. Illuminate\Foundation\Bootstrap\BootProviders->bootstrap() /home/ubuntu/workspace/cms/vendor/laravel/framework/src/Illuminate/Foundation/Application.php:203
[22-Jul-2017 07:41:38 UTC] PHP   7. Illuminate\Foundation\Application->boot() /home/ubuntu/workspace/cms/vendor/laravel/framework/src/Illuminate/Foundation/Bootstrap/BootProviders.php:17
[22-Jul-2017 07:41:38 UTC] PHP   8. array_walk() /home/ubuntu/workspace/cms/vendor/laravel/framework/src/Illuminate/Foundation/Application.php:741
[22-Jul-2017 07:41:38 UTC] PHP   9. Illuminate\Foundation\Application->Illuminate\Foundation\{closure}() /home/ubuntu/workspace/cms/vendor/laravel/framework/src/Illuminate/Foundation/Application.php:741
[22-Jul-2017 07:41:38 UTC] PHP  10. Illuminate\Foundation\Application->bootProvider() /home/ubuntu/workspace/cms/vendor/laravel/framework/src/Illuminate/Foundation/Application.php:740
[22-Jul-2017 07:41:38 UTC] PHP  11. Illuminate\Container\Container->call() /home/ubuntu/workspace/cms/vendor/laravel/framework/src/Illuminate/Foundation/Application.php:757
[22-Jul-2017 07:41:38 UTC] PHP  12. call_user_func_array:{/home/ubuntu/workspace/cms/vendor/laravel/framework/src/Illuminate/Container/Container.php:507}() /home/ubuntu/workspace/cms/vendor/laravel/framework/src/Illuminate/Container/Container.php:507
[22-Jul-2017 07:41:38 UTC] PHP  13. App\Providers\RouteServiceProvider->boot() /home/ubuntu/workspace/cms/vendor/laravel/framework/src/Illuminate/Container/Container.php:507
[22-Jul-2017 07:41:38 UTC] PHP  14. Illuminate\Foundation\Support\Providers\RouteServiceProvider->boot() /home/ubuntu/workspace/cms/app/Providers/RouteServiceProvider.php:29
[22-Jul-2017 07:41:38 UTC] PHP  15. Illuminate\Foundation\Support\Providers\RouteServiceProvider->loadRoutes() /home/ubuntu/workspace/cms/vendor/laravel/framework/src/Illuminate/Foundation/Support/Providers/RouteServiceProvider.php:31
[22-Jul-2017 07:41:38 UTC] PHP  16. Illuminate\Container\Container->call() /home/ubuntu/workspace/cms/vendor/laravel/framework/src/Illuminate/Foundation/Support/Providers/RouteServiceProvider.php:72
[22-Jul-2017 07:41:38 UTC] PHP  17. call_user_func_array:{/home/ubuntu/workspace/cms/vendor/laravel/framework/src/Illuminate/Container/Container.php:507}() /home/ubuntu/workspace/cms/vendor/laravel/framework/src/Illuminate/Container/Container.php:507
[22-Jul-2017 07:41:38 UTC] PHP  18. App\Providers\RouteServiceProvider->map() /home/ubuntu/workspace/cms/vendor/laravel/framework/src/Illuminate/Container/Container.php:507
[22-Jul-2017 07:41:38 UTC] PHP  19. App\Providers\RouteServiceProvider->mapWebRoutes() /home/ubuntu/workspace/cms/app/Providers/RouteServiceProvider.php:40
[22-Jul-2017 07:41:38 UTC] PHP  20. Illuminate\Routing\Router->group() /home/ubuntu/workspace/cms/app/Providers/RouteServiceProvider.php:59
[22-Jul-2017 07:41:38 UTC] PHP  21. call_user_func:{/home/ubuntu/workspace/cms/vendor/laravel/framework/src/Illuminate/Routing/Router.php:398}() /home/ubuntu/workspace/cms/vendor/laravel/framework/src/Illuminate/Routing/Router.php:398
[22-Jul-2017 07:41:38 UTC] PHP  22. App\Providers\RouteServiceProvider->App\Providers\{closure}() /home/ubuntu/workspace/cms/vendor/laravel/framework/src/Illuminate/Routing/Router.php:398
[22-Jul-2017 07:41:54 UTC] PHP Parse error:  syntax error, unexpected '=', expecting ']' in /home/ubuntu/workspace/cms/app/Http/routes.php on line 21
[22-Jul-2017 07:41:54 UTC] PHP Stack trace:
[22-Jul-2017 07:41:54 UTC] PHP   1. {main}() /home/ubuntu/workspace/cms/public/index.php:0
[22-Jul-2017 07:41:54 UTC] PHP   2. Illuminate\Foundation\Http\Kernel->handle() /home/ubuntu/workspace/cms/public/index.php:54
[22-Jul-2017 07:41:54 UTC] PHP   3. Illuminate\Foundation\Http\Kernel->sendRequestThroughRouter() /home/ubuntu/workspace/cms/vendor/laravel/framework/src/Illuminate/Foundation/Http/Kernel.php:99
[22-Jul-2017 07:41:54 UTC] PHP   4. Illuminate\Foundation\Http\Kernel->bootstrap() /home/ubuntu/workspace/cms/vendor/laravel/framework/src/Illuminate/Foundation/Http/Kernel.php:127
[22-Jul-2017 07:41:54 UTC] PHP   5. Illuminate\Foundation\Application->bootstrapWith() /home/ubuntu/workspace/cms/vendor/laravel/framework/src/Illuminate/Foundation/Http/Kernel.php:232
[22-Jul-2017 07:41:54 UTC] PHP   6. Illuminate\Foundation\Bootstrap\BootProviders->bootstrap() /home/ubuntu/workspace/cms/vendor/laravel/framework/src/Illuminate/Foundation/Application.php:203
[22-Jul-2017 07:41:54 UTC] PHP   7. Illuminate\Foundation\Application->boot() /home/ubuntu/workspace/cms/vendor/laravel/framework/src/Illuminate/Foundation/Bootstrap/BootProviders.php:17
[22-Jul-2017 07:41:54 UTC] PHP   8. array_walk() /home/ubuntu/workspace/cms/vendor/laravel/framework/src/Illuminate/Foundation/Application.php:741
[22-Jul-2017 07:41:54 UTC] PHP   9. Illuminate\Foundation\Application->Illuminate\Foundation\{closure}() /home/ubuntu/workspace/cms/vendor/laravel/framework/src/Illuminate/Foundation/Application.php:741
[22-Jul-2017 07:41:54 UTC] PHP  10. Illuminate\Foundation\Application->bootProvider() /home/ubuntu/workspace/cms/vendor/laravel/framework/src/Illuminate/Foundation/Application.php:740
[22-Jul-2017 07:41:54 UTC] PHP  11. Illuminate\Container\Container->call() /home/ubuntu/workspace/cms/vendor/laravel/framework/src/Illuminate/Foundation/Application.php:757
[22-Jul-2017 07:41:54 UTC] PHP  12. call_user_func_array:{/home/ubuntu/workspace/cms/vendor/laravel/framework/src/Illuminate/Container/Container.php:507}() /home/ubuntu/workspace/cms/vendor/laravel/framework/src/Illuminate/Container/Container.php:507
[22-Jul-2017 07:41:54 UTC] PHP  13. App\Providers\RouteServiceProvider->boot() /home/ubuntu/workspace/cms/vendor/laravel/framework/src/Illuminate/Container/Container.php:507
[22-Jul-2017 07:41:54 UTC] PHP  14. Illuminate\Foundation\Support\Providers\RouteServiceProvider->boot() /home/ubuntu/workspace/cms/app/Providers/RouteServiceProvider.php:29
[22-Jul-2017 07:41:54 UTC] PHP  15. Illuminate\Foundation\Support\Providers\RouteServiceProvider->loadRoutes() /home/ubuntu/workspace/cms/vendor/laravel/framework/src/Illuminate/Foundation/Support/Providers/RouteServiceProvider.php:31
[22-Jul-2017 07:41:54 UTC] PHP  16. Illuminate\Container\Container->call() /home/ubuntu/workspace/cms/vendor/laravel/framework/src/Illuminate/Foundation/Support/Providers/RouteServiceProvider.php:72
[22-Jul-2017 07:41:54 UTC] PHP  17. call_user_func_array:{/home/ubuntu/workspace/cms/vendor/laravel/framework/src/Illuminate/Container/Container.php:507}() /home/ubuntu/workspace/cms/vendor/laravel/framework/src/Illuminate/Container/Container.php:507
[22-Jul-2017 07:41:54 UTC] PHP  18. App\Providers\RouteServiceProvider->map() /home/ubuntu/workspace/cms/vendor/laravel/framework/src/Illuminate/Container/Container.php:507
[22-Jul-2017 07:41:54 UTC] PHP  19. App\Providers\RouteServiceProvider->mapWebRoutes() /home/ubuntu/workspace/cms/app/Providers/RouteServiceProvider.php:40
[22-Jul-2017 07:41:54 UTC] PHP  20. Illuminate\Routing\Router->group() /home/ubuntu/workspace/cms/app/Providers/RouteServiceProvider.php:59
[22-Jul-2017 07:41:54 UTC] PHP  21. call_user_func:{/home/ubuntu/workspace/cms/vendor/laravel/framework/src/Illuminate/Routing/Router.php:398}() /home/ubuntu/workspace/cms/vendor/laravel/framework/src/Illuminate/Routing/Router.php:398
[22-Jul-2017 07:41:54 UTC] PHP  22. App\Providers\RouteServiceProvider->App\Providers\{closure}() /home/ubuntu/workspace/cms/vendor/laravel/framework/src/Illuminate/Routing/Router.php:398
[22-Jul-2017 08:00:51 UTC] PHP Parse error:  syntax error, unexpected '=', expecting ']' in /home/ubuntu/workspace/cms/app/Http/routes.php on line 21
[22-Jul-2017 08:00:51 UTC] PHP Stack trace:
[22-Jul-2017 08:00:51 UTC] PHP   1. {main}() /home/ubuntu/workspace/cms/public/index.php:0
[22-Jul-2017 08:00:51 UTC] PHP   2. Illuminate\Foundation\Http\Kernel->handle() /home/ubuntu/workspace/cms/public/index.php:54
[22-Jul-2017 08:00:51 UTC] PHP   3. Illuminate\Foundation\Http\Kernel->sendRequestThroughRouter() /home/ubuntu/workspace/cms/vendor/laravel/framework/src/Illuminate/Foundation/Http/Kernel.php:99
[22-Jul-2017 08:00:51 UTC] PHP   4. Illuminate\Foundation\Http\Kernel->bootstrap() /home/ubuntu/workspace/cms/vendor/laravel/framework/src/Illuminate/Foundation/Http/Kernel.php:127
[22-Jul-2017 08:00:51 UTC] PHP   5. Illuminate\Foundation\Application->bootstrapWith() /home/ubuntu/workspace/cms/vendor/laravel/framework/src/Illuminate/Foundation/Http/Kernel.php:232
[22-Jul-2017 08:00:51 UTC] PHP   6. Illuminate\Foundation\Bootstrap\BootProviders->bootstrap() /home/ubuntu/workspace/cms/vendor/laravel/framework/src/Illuminate/Foundation/Application.php:203
[22-Jul-2017 08:00:51 UTC] PHP   7. Illuminate\Foundation\Application->boot() /home/ubuntu/workspace/cms/vendor/laravel/framework/src/Illuminate/Foundation/Bootstrap/BootProviders.php:17
[22-Jul-2017 08:00:51 UTC] PHP   8. array_walk() /home/ubuntu/workspace/cms/vendor/laravel/framework/src/Illuminate/Foundation/Application.php:741
[22-Jul-2017 08:00:51 UTC] PHP   9. Illuminate\Foundation\Application->Illuminate\Foundation\{closure}() /home/ubuntu/workspace/cms/vendor/laravel/framework/src/Illuminate/Foundation/Application.php:741
[22-Jul-2017 08:00:51 UTC] PHP  10. Illuminate\Foundation\Application->bootProvider() /home/ubuntu/workspace/cms/vendor/laravel/framework/src/Illuminate/Foundation/Application.php:740
[22-Jul-2017 08:00:51 UTC] PHP  11. Illuminate\Container\Container->call() /home/ubuntu/workspace/cms/vendor/laravel/framework/src/Illuminate/Foundation/Application.php:757
[22-Jul-2017 08:00:51 UTC] PHP  12. call_user_func_array:{/home/ubuntu/workspace/cms/vendor/laravel/framework/src/Illuminate/Container/Container.php:507}() /home/ubuntu/workspace/cms/vendor/laravel/framework/src/Illuminate/Container/Container.php:507
[22-Jul-2017 08:00:51 UTC] PHP  13. App\Providers\RouteServiceProvider->boot() /home/ubuntu/workspace/cms/vendor/laravel/framework/src/Illuminate/Container/Container.php:507
[22-Jul-2017 08:00:51 UTC] PHP  14. Illuminate\Foundation\Support\Providers\RouteServiceProvider->boot() /home/ubuntu/workspace/cms/app/Providers/RouteServiceProvider.php:29
[22-Jul-2017 08:00:51 UTC] PHP  15. Illuminate\Foundation\Support\Providers\RouteServiceProvider->loadRoutes() /home/ubuntu/workspace/cms/vendor/laravel/framework/src/Illuminate/Foundation/Support/Providers/RouteServiceProvider.php:31
[22-Jul-2017 08:00:51 UTC] PHP  16. Illuminate\Container\Container->call() /home/ubuntu/workspace/cms/vendor/laravel/framework/src/Illuminate/Foundation/Support/Providers/RouteServiceProvider.php:72
[22-Jul-2017 08:00:51 UTC] PHP  17. call_user_func_array:{/home/ubuntu/workspace/cms/vendor/laravel/framework/src/Illuminate/Container/Container.php:507}() /home/ubuntu/workspace/cms/vendor/laravel/framework/src/Illuminate/Container/Container.php:507
[22-Jul-2017 08:00:51 UTC] PHP  18. App\Providers\RouteServiceProvider->map() /home/ubuntu/workspace/cms/vendor/laravel/framework/src/Illuminate/Container/Container.php:507
[22-Jul-2017 08:00:51 UTC] PHP  19. App\Providers\RouteServiceProvider->mapWebRoutes() /home/ubuntu/workspace/cms/app/Providers/RouteServiceProvider.php:40
[22-Jul-2017 08:00:51 UTC] PHP  20. Illuminate\Routing\Router->group() /home/ubuntu/workspace/cms/app/Providers/RouteServiceProvider.php:59
[22-Jul-2017 08:00:51 UTC] PHP  21. call_user_func:{/home/ubuntu/workspace/cms/vendor/laravel/framework/src/Illuminate/Routing/Router.php:398}() /home/ubuntu/workspace/cms/vendor/laravel/framework/src/Illuminate/Routing/Router.php:398
[22-Jul-2017 08:00:51 UTC] PHP  22. App\Providers\RouteServiceProvider->App\Providers\{closure}() /home/ubuntu/workspace/cms/vendor/laravel/framework/src/Illuminate/Routing/Router.php:398
[22-Jul-2017 08:01:15 UTC] PHP Parse error:  syntax error, unexpected '=', expecting ']' in /home/ubuntu/workspace/cms/app/Http/routes.php on line 21
[22-Jul-2017 08:01:15 UTC] PHP Stack trace:
[22-Jul-2017 08:01:15 UTC] PHP   1. {main}() /home/ubuntu/workspace/cms/public/index.php:0
[22-Jul-2017 08:01:15 UTC] PHP   2. Illuminate\Foundation\Http\Kernel->handle() /home/ubuntu/workspace/cms/public/index.php:54
[22-Jul-2017 08:01:15 UTC] PHP   3. Illuminate\Foundation\Http\Kernel->sendRequestThroughRouter() /home/ubuntu/workspace/cms/vendor/laravel/framework/src/Illuminate/Foundation/Http/Kernel.php:99
[22-Jul-2017 08:01:15 UTC] PHP   4. Illuminate\Foundation\Http\Kernel->bootstrap() /home/ubuntu/workspace/cms/vendor/laravel/framework/src/Illuminate/Foundation/Http/Kernel.php:127
[22-Jul-2017 08:01:15 UTC] PHP   5. Illuminate\Foundation\Application->bootstrapWith() /home/ubuntu/workspace/cms/vendor/laravel/framework/src/Illuminate/Foundation/Http/Kernel.php:232
[22-Jul-2017 08:01:15 UTC] PHP   6. Illuminate\Foundation\Bootstrap\BootProviders->bootstrap() /home/ubuntu/workspace/cms/vendor/laravel/framework/src/Illuminate/Foundation/Application.php:203
[22-Jul-2017 08:01:15 UTC] PHP   7. Illuminate\Foundation\Application->boot() /home/ubuntu/workspace/cms/vendor/laravel/framework/src/Illuminate/Foundation/Bootstrap/BootProviders.php:17
[22-Jul-2017 08:01:15 UTC] PHP   8. array_walk() /home/ubuntu/workspace/cms/vendor/laravel/framework/src/Illuminate/Foundation/Application.php:741
[22-Jul-2017 08:01:15 UTC] PHP   9. Illuminate\Foundation\Application->Illuminate\Foundation\{closure}() /home/ubuntu/workspace/cms/vendor/laravel/framework/src/Illuminate/Foundation/Application.php:741
[22-Jul-2017 08:01:15 UTC] PHP  10. Illuminate\Foundation\Application->bootProvider() /home/ubuntu/workspace/cms/vendor/laravel/framework/src/Illuminate/Foundation/Application.php:740
[22-Jul-2017 08:01:15 UTC] PHP  11. Illuminate\Container\Container->call() /home/ubuntu/workspace/cms/vendor/laravel/framework/src/Illuminate/Foundation/Application.php:757
[22-Jul-2017 08:01:15 UTC] PHP  12. call_user_func_array:{/home/ubuntu/workspace/cms/vendor/laravel/framework/src/Illuminate/Container/Container.php:507}() /home/ubuntu/workspace/cms/vendor/laravel/framework/src/Illuminate/Container/Container.php:507
[22-Jul-2017 08:01:15 UTC] PHP  13. App\Providers\RouteServiceProvider->boot() /home/ubuntu/workspace/cms/vendor/laravel/framework/src/Illuminate/Container/Container.php:507
[22-Jul-2017 08:01:15 UTC] PHP  14. Illuminate\Foundation\Support\Providers\RouteServiceProvider->boot() /home/ubuntu/workspace/cms/app/Providers/RouteServiceProvider.php:29
[22-Jul-2017 08:01:15 UTC] PHP  15. Illuminate\Foundation\Support\Providers\RouteServiceProvider->loadRoutes() /home/ubuntu/workspace/cms/vendor/laravel/framework/src/Illuminate/Foundation/Support/Providers/RouteServiceProvider.php:31
[22-Jul-2017 08:01:15 UTC] PHP  16. Illuminate\Container\Container->call() /home/ubuntu/workspace/cms/vendor/laravel/framework/src/Illuminate/Foundation/Support/Providers/RouteServiceProvider.php:72
[22-Jul-2017 08:01:15 UTC] PHP  17. call_user_func_array:{/home/ubuntu/workspace/cms/vendor/laravel/framework/src/Illuminate/Container/Container.php:507}() /home/ubuntu/workspace/cms/vendor/laravel/framework/src/Illuminate/Container/Container.php:507
[22-Jul-2017 08:01:15 UTC] PHP  18. App\Providers\RouteServiceProvider->map() /home/ubuntu/workspace/cms/vendor/laravel/framework/src/Illuminate/Container/Container.php:507
[22-Jul-2017 08:01:15 UTC] PHP  19. App\Providers\RouteServiceProvider->mapWebRoutes() /home/ubuntu/workspace/cms/app/Providers/RouteServiceProvider.php:40
[22-Jul-2017 08:01:15 UTC] PHP  20. Illuminate\Routing\Router->group() /home/ubuntu/workspace/cms/app/Providers/RouteServiceProvider.php:59
[22-Jul-2017 08:01:15 UTC] PHP  21. call_user_func:{/home/ubuntu/workspace/cms/vendor/laravel/framework/src/Illuminate/Routing/Router.php:398}() /home/ubuntu/workspace/cms/vendor/laravel/framework/src/Illuminate/Routing/Router.php:398
[22-Jul-2017 08:01:15 UTC] PHP  22. App\Providers\RouteServiceProvider->App\Providers\{closure}() /home/ubuntu/workspace/cms/vendor/laravel/framework/src/Illuminate/Routing/Router.php:398
[22-Jul-2017 08:05:40 UTC] PHP Parse error:  syntax error, unexpected ''item_amount'' (T_CONSTANT_ENCAPSED_STRING), expecting ']' in /home/ubuntu/workspace/cms/app/Http/routes.php on line 79
[22-Jul-2017 08:05:40 UTC] PHP Stack trace:
[22-Jul-2017 08:05:40 UTC] PHP   1. {main}() /home/ubuntu/workspace/cms/public/index.php:0
[22-Jul-2017 08:05:40 UTC] PHP   2. Illuminate\Foundation\Http\Kernel->handle() /home/ubuntu/workspace/cms/public/index.php:54
[22-Jul-2017 08:05:40 UTC] PHP   3. Illuminate\Foundation\Http\Kernel->sendRequestThroughRouter() /home/ubuntu/workspace/cms/vendor/laravel/framework/src/Illuminate/Foundation/Http/Kernel.php:99
[22-Jul-2017 08:05:40 UTC] PHP   4. Illuminate\Foundation\Http\Kernel->bootstrap() /home/ubuntu/workspace/cms/vendor/laravel/framework/src/Illuminate/Foundation/Http/Kernel.php:127
[22-Jul-2017 08:05:40 UTC] PHP   5. Illuminate\Foundation\Application->bootstrapWith() /home/ubuntu/workspace/cms/vendor/laravel/framework/src/Illuminate/Foundation/Http/Kernel.php:232
[22-Jul-2017 08:05:40 UTC] PHP   6. Illuminate\Foundation\Bootstrap\BootProviders->bootstrap() /home/ubuntu/workspace/cms/vendor/laravel/framework/src/Illuminate/Foundation/Application.php:203
[22-Jul-2017 08:05:40 UTC] PHP   7. Illuminate\Foundation\Application->boot() /home/ubuntu/workspace/cms/vendor/laravel/framework/src/Illuminate/Foundation/Bootstrap/BootProviders.php:17
[22-Jul-2017 08:05:40 UTC] PHP   8. array_walk() /home/ubuntu/workspace/cms/vendor/laravel/framework/src/Illuminate/Foundation/Application.php:741
[22-Jul-2017 08:05:40 UTC] PHP   9. Illuminate\Foundation\Application->Illuminate\Foundation\{closure}() /home/ubuntu/workspace/cms/vendor/laravel/framework/src/Illuminate/Foundation/Application.php:741
[22-Jul-2017 08:05:40 UTC] PHP  10. Illuminate\Foundation\Application->bootProvider() /home/ubuntu/workspace/cms/vendor/laravel/framework/src/Illuminate/Foundation/Application.php:740
[22-Jul-2017 08:05:40 UTC] PHP  11. Illuminate\Container\Container->call() /home/ubuntu/workspace/cms/vendor/laravel/framework/src/Illuminate/Foundation/Application.php:757
[22-Jul-2017 08:05:40 UTC] PHP  12. call_user_func_array:{/home/ubuntu/workspace/cms/vendor/laravel/framework/src/Illuminate/Container/Container.php:507}() /home/ubuntu/workspace/cms/vendor/laravel/framework/src/Illuminate/Container/Container.php:507
[22-Jul-2017 08:05:40 UTC] PHP  13. App\Providers\RouteServiceProvider->boot() /home/ubuntu/workspace/cms/vendor/laravel/framework/src/Illuminate/Container/Container.php:507
[22-Jul-2017 08:05:40 UTC] PHP  14. Illuminate\Foundation\Support\Providers\RouteServiceProvider->boot() /home/ubuntu/workspace/cms/app/Providers/RouteServiceProvider.php:29
[22-Jul-2017 08:05:40 UTC] PHP  15. Illuminate\Foundation\Support\Providers\RouteServiceProvider->loadRoutes() /home/ubuntu/workspace/cms/vendor/laravel/framework/src/Illuminate/Foundation/Support/Providers/RouteServiceProvider.php:31
[22-Jul-2017 08:05:40 UTC] PHP  16. Illuminate\Container\Container->call() /home/ubuntu/workspace/cms/vendor/laravel/framework/src/Illuminate/Foundation/Support/Providers/RouteServiceProvider.php:72
[22-Jul-2017 08:05:40 UTC] PHP  17. call_user_func_array:{/home/ubuntu/workspace/cms/vendor/laravel/framework/src/Illuminate/Container/Container.php:507}() /home/ubuntu/workspace/cms/vendor/laravel/framework/src/Illuminate/Container/Container.php:507
[22-Jul-2017 08:05:40 UTC] PHP  18. App\Providers\RouteServiceProvider->map() /home/ubuntu/workspace/cms/vendor/laravel/framework/src/Illuminate/Container/Container.php:507
[22-Jul-2017 08:05:40 UTC] PHP  19. App\Providers\RouteServiceProvider->mapWebRoutes() /home/ubuntu/workspace/cms/app/Providers/RouteServiceProvider.php:40
[22-Jul-2017 08:05:40 UTC] PHP  20. Illuminate\Routing\Router->group() /home/ubuntu/workspace/cms/app/Providers/RouteServiceProvider.php:59
[22-Jul-2017 08:05:40 UTC] PHP  21. call_user_func:{/home/ubuntu/workspace/cms/vendor/laravel/framework/src/Illuminate/Routing/Router.php:398}() /home/ubuntu/workspace/cms/vendor/laravel/framework/src/Illuminate/Routing/Router.php:398
[22-Jul-2017 08:05:40 UTC] PHP  22. App\Providers\RouteServiceProvider->App\Providers\{closure}() /home/ubuntu/workspace/cms/vendor/laravel/framework/src/Illuminate/Routing/Router.php:398
